<?xml version="1.0" encoding="UTF-8"?>
<!-- Generated by org.testng.reporters.JUnitReportReporter -->
<testsuite hostname="OM" failures="0" tests="8" name="com.test.Fitpeo" time="48.033" errors="0" timestamp="2024-08-05T11:30:05 IST" skipped="0">
  <testcase classname="com.test.Fitpeo" name="NavigateToFitPeoPage" time="19.269"/>
  <testcase classname="com.test.Fitpeo" name="navigateTotheRevenueCalculator" time="2.118"/>
  <testcase classname="com.test.Fitpeo" name="scrollDownTotheSlider" time="0.097"/>
  <testcase classname="com.test.Fitpeo" name="adjustSlider" time="3.758"/>
  <testcase classname="com.test.Fitpeo" name="insertValue" time="6.612"/>
  <testcase classname="com.test.Fitpeo" name="validateValue" time="0.054"/>
  <testcase classname="com.test.Fitpeo" name="selectCPTCode" time="13.081"/>
  <testcase classname="com.test.Fitpeo" name="totalRecurringReimbursement" time="3.044"/>
</testsuite> <!-- com.test.Fitpeo -->
