<?xml version="1.0" encoding="UTF-8"?>
<!-- Generated by org.testng.reporters.JUnitReportReporter -->
<testsuite hostname="OM" failures="0" tests="5" name="com.test.BaseTest" time="8.868" errors="0" timestamp="2024-08-03T08:24:38 IST" skipped="0">
  <testcase classname="com.test.BaseTest" name="NavigateToFitPeoPage" time="2.471"/>
  <testcase classname="com.test.BaseTest" name="navigateTotheRevenueCalculator" time="3.014"/>
  <testcase classname="com.test.BaseTest" name="scrollDownTotheSlider" time="0.120"/>
  <testcase classname="com.test.BaseTest" name="adjustSlider" time="3.096"/>
  <testcase classname="com.test.BaseTest" name="insertValue" time="0.167"/>
</testsuite> <!-- com.test.BaseTest -->
