<?xml version="1.0" encoding="UTF-8"?>
<!-- Generated by org.testng.reporters.JUnitReportReporter -->
<testsuite hostname="OM" failures="0" tests="2" name="com.test.FormTest" time="86.065" errors="0" timestamp="2024-07-31T23:17:44 IST" skipped="0">
  <testcase classname="com.test.FormTest" name="testPositiveScenario" time="44.462"/>
  <testcase classname="com.test.FormTest" name="testNegativeScenarioOnName" time="41.603"/>
</testsuite> <!-- com.test.FormTest -->
